<?xml version="1.0" encoding="UTF-8"?>
<!-- Generated by org.testng.reporters.JUnitReportReporter -->
<testsuite skipped="0" hostname="DESKTOP-K5A3HG7" name="com.crm.Dummy.mvn_cli" tests="2" failures="0" timestamp="30 Dec 2021 10:15:33 GMT" time="0.022" errors="0">
  <testcase name="DeleteContactTest" time="0.020" classname="com.crm.Dummy.mvn_cli"/>
  <testcase name="createContactTest" time="0.002" classname="com.crm.Dummy.mvn_cli"/>
</testsuite> <!-- com.crm.Dummy.mvn_cli -->
